<?xml version="1.0" encoding="UTF-8"?>
<testsuite name="VenditaTest" tests="4" skipped="0" failures="0" errors="0" timestamp="2023-04-15T14:08:07" hostname="DESKTOP-DJSC45C" time="0.178">
  <properties/>
  <testcase name="[1] 9.0" classname="VenditaTest" time="0.144"/>
  <testcase name="[2] 12.0" classname="VenditaTest" time="0.004"/>
  <testcase name="[3] 14.5" classname="VenditaTest" time="0.001"/>
  <testcase name="[4] 124.75" classname="VenditaTest" time="0.004"/>
  <system-out><![CDATA[]]></system-out>
  <system-err><![CDATA[]]></system-err>
</testsuite>
