<?xml version="1.0" encoding="UTF-8"?>
<testsuite name="VenditaTest" tests="1" skipped="0" failures="0" errors="0" timestamp="2023-04-16T14:30:04" hostname="DESKTOP-DJSC45C" time="0.05">
  <properties/>
  <testcase name="test equals" classname="VenditaTest" time="0.05"/>
  <system-out><![CDATA[]]></system-out>
  <system-err><![CDATA[]]></system-err>
</testsuite>
